<?xml version="1.0" encoding="UTF-8" ?>
<testsuite tests="94" failures="0" name="TestSuite" time="21.566" errors="0" skipped="0">
  <properties>
    <property name="java.runtime.name" value="Java(TM) SE Runtime Environment"/>
    <property name="sun.boot.library.path" value="C:\Program Files\Java\jdk1.8.0\jre\bin"/>
    <property name="java.vm.version" value="25.0-b70"/>
    <property name="java.vm.vendor" value="Oracle Corporation"/>
    <property name="java.vendor.url" value="http://java.oracle.com/"/>
    <property name="path.separator" value=";"/>
    <property name="guice.disable.misplaced.annotation.check" value="true"/>
    <property name="java.vm.name" value="Java HotSpot(TM) 64-Bit Server VM"/>
    <property name="file.encoding.pkg" value="sun.io"/>
    <property name="user.script" value=""/>
    <property name="user.country" value="US"/>
    <property name="sun.java.launcher" value="SUN_STANDARD"/>
    <property name="sun.os.patch.level" value=""/>
    <property name="java.vm.specification.name" value="Java Virtual Machine Specification"/>
    <property name="user.dir" value="C:\Users\Shivam Tiwari\Documents\NetBeansProjects\JSphinx\Java Code\sphinx4"/>
    <property name="java.runtime.version" value="1.8.0-b132"/>
    <property name="java.awt.graphicsenv" value="sun.awt.Win32GraphicsEnvironment"/>
    <property name="java.endorsed.dirs" value="C:\Program Files\Java\jdk1.8.0\jre\lib\endorsed"/>
    <property name="os.arch" value="amd64"/>
    <property name="java.io.tmpdir" value="C:\Users\SHIVAM~1\AppData\Local\Temp\"/>
    <property name="line.separator" value="
"/>
    <property name="java.vm.specification.vendor" value="Oracle Corporation"/>
    <property name="user.variant" value=""/>
    <property name="os.name" value="Windows 8.1"/>
    <property name="maven.ext.class.path" value="C:\Users\Shivam Tiwari\AppData\Roaming\NetBeans\8.0\maven-nblib\netbeans-eventspy.jar"/>
    <property name="classworlds.conf" value="C:\Program Files\NetBeans 8.0\java\maven\bin\m2.conf"/>
    <property name="sun.jnu.encoding" value="Cp1252"/>
    <property name="java.library.path" value="C:\Program Files\Java\jdk1.8.0\bin;C:\WINDOWS\Sun\Java\bin;C:\WINDOWS\system32;C:\WINDOWS;C:\ProgramData\Oracle\Java\javapath;C:\Program Files (x86)\AMD APP\bin\x86_64;C:\Program Files (x86)\AMD APP\bin\x86;C:\WINDOWS\system32;C:\WINDOWS;C:\WINDOWS\System32\Wbem;C:\WINDOWS\System32\WindowsPowerShell\v1.0\;C:\Program Files (x86)\ATI Technologies\ATI.ACE\Core-Static;C:\Program Files (x86)\Universal Extractor;C:\Program Files (x86)\Universal Extractor\bin;C:\MinGW\bin;C:\MinGW\MSYS\1.0\bin;C:\Program Files (x86)\Windows Live\Shared;C:\Ruby193\bin;C:\Program Files (x86)\WinAnt\bin;."/>
    <property name="java.specification.name" value="Java Platform API Specification"/>
    <property name="java.class.version" value="52.0"/>
    <property name="sun.management.compiler" value="HotSpot 64-Bit Tiered Compilers"/>
    <property name="os.version" value="6.3"/>
    <property name="user.home" value="C:\Users\Shivam Tiwari"/>
    <property name="user.timezone" value="Asia/Calcutta"/>
    <property name="java.awt.printerjob" value="sun.awt.windows.WPrinterJob"/>
    <property name="java.specification.version" value="1.8"/>
    <property name="file.encoding" value="UTF-8"/>
    <property name="user.name" value="Shivam Tiwari"/>
    <property name="java.class.path" value="C:\Program Files\NetBeans 8.0\java\maven\boot\plexus-classworlds-2.4.jar"/>
    <property name="java.vm.specification.version" value="1.8"/>
    <property name="sun.arch.data.model" value="64"/>
    <property name="java.home" value="C:\Program Files\Java\jdk1.8.0\jre"/>
    <property name="sun.java.command" value="org.codehaus.plexus.classworlds.launcher.Launcher -Dmaven.ext.class.path=C:\Users\Shivam Tiwari\AppData\Roaming\NetBeans\8.0\maven-nblib\netbeans-eventspy.jar -Dfile.encoding=UTF-8 clean install"/>
    <property name="java.specification.vendor" value="Oracle Corporation"/>
    <property name="user.language" value="en"/>
    <property name="awt.toolkit" value="sun.awt.windows.WToolkit"/>
    <property name="java.vm.info" value="mixed mode"/>
    <property name="java.version" value="1.8.0"/>
    <property name="java.ext.dirs" value="C:\Program Files\Java\jdk1.8.0\jre\lib\ext;C:\WINDOWS\Sun\Java\lib\ext"/>
    <property name="sun.boot.class.path" value="C:\Program Files\Java\jdk1.8.0\jre\lib\resources.jar;C:\Program Files\Java\jdk1.8.0\jre\lib\rt.jar;C:\Program Files\Java\jdk1.8.0\jre\lib\sunrsasign.jar;C:\Program Files\Java\jdk1.8.0\jre\lib\jsse.jar;C:\Program Files\Java\jdk1.8.0\jre\lib\jce.jar;C:\Program Files\Java\jdk1.8.0\jre\lib\charsets.jar;C:\Program Files\Java\jdk1.8.0\jre\lib\jfr.jar;C:\Program Files\Java\jdk1.8.0\jre\classes"/>
    <property name="java.vendor" value="Oracle Corporation"/>
    <property name="maven.home" value="C:\Program Files\NetBeans 8.0\java\maven"/>
    <property name="file.separator" value="\"/>
    <property name="java.vendor.url.bug" value="http://bugreport.sun.com/bugreport/"/>
    <property name="sun.cpu.endian" value="little"/>
    <property name="sun.io.unicode.encoding" value="UnicodeLittle"/>
    <property name="sun.desktop" value="windows"/>
    <property name="sun.cpu.isalist" value="amd64"/>
  </properties>
  <testcase classname="edu.cmu.sphinx.fst.ArcSortTest" name="testArcSort" time="0.031"/>
  <testcase classname="edu.cmu.sphinx.frontend.AudioDataSourcesTest" name="test8KhzSource" time="0.141"/>
  <testcase classname="edu.cmu.sphinx.frontend.AudioDataSourcesTest" name="testConcatDataSource" time="0.047"/>
  <testcase classname="edu.cmu.sphinx.frontend.AudioDataSourcesTest" name="testSimpleFileSources" time="0.062"/>
  <testcase classname="edu.cmu.sphinx.tools.bandwidth.BandDetectorTest" name="test" time="0.31"/>
  <testcase classname="edu.cmu.sphinx.linguist.language.grammar.BatchForcedAlignerGrammarTest" name="testForcedAlignerGrammar" time="0.172"/>
  <testcase classname="edu.cmu.sphinx.util.props.ComponentPropertyTest" name="testDefInstance" time="0.015"/>
  <testcase classname="edu.cmu.sphinx.fst.ComposeEpsilonTest" name="testCompose" time="0.031"/>
  <testcase classname="edu.cmu.sphinx.fst.ComposeTest" name="testCompose" time="0.063"/>
  <testcase classname="edu.cmu.sphinx.util.props.ConfigurationManagerTest" name="testDynamicConfCreation" time="0.047"/>
  <testcase classname="edu.cmu.sphinx.util.props.ConfigurationManagerTest" name="testDynamicConfiguruationChange" time="0.094"/>
  <testcase classname="edu.cmu.sphinx.util.props.ConfigurationManagerTest" name="testGetComponentClass" time="0.031"/>
  <testcase classname="edu.cmu.sphinx.util.props.ConfigurationManagerTest" name="testSerialization" time="0.062"/>
  <testcase classname="edu.cmu.sphinx.util.props.ConfigurationManagerTest" name="testSerializeDynamicConfiguration" time="0.016"/>
  <testcase classname="edu.cmu.sphinx.util.props.ConfigurationManagerTest" name="testXmlExtendedConfiguration" time="0.016"/>
  <testcase classname="edu.cmu.sphinx.fst.ConnectTest" name="testConnect" time="0.015"/>
  <testcase classname="edu.cmu.sphinx.frontend.DataBlockerTest" name="skipLastSamples on DataBlockerTest" time="0"/>
  <testcase classname="edu.cmu.sphinx.frontend.DataBlockerTest" name="testLongInput on DataBlockerTest" time="0"/>
  <testcase classname="edu.cmu.sphinx.frontend.DataBlockerTest" name="testUsualInput on DataBlockerTest" time="0"/>
  <testcase classname="edu.cmu.sphinx.fst.DeterminizeTest" name="testDeterminize" time="0.015"/>
  <testcase classname="edu.cmu.sphinx.linguist.dictionary.DictionaryTest" name="testDictionary" time="0.079"/>
  <testcase classname="edu.cmu.sphinx.linguist.language.ngram.DynamicTrigramModelTest" name="bigramModel" time="0.078"/>
  <testcase classname="edu.cmu.sphinx.linguist.language.ngram.DynamicTrigramModelTest" name="trigramModel" time="0"/>
  <testcase classname="edu.cmu.sphinx.linguist.language.ngram.DynamicTrigramModelTest" name="unigramModel" time="0"/>
  <testcase classname="edu.cmu.sphinx.linguist.language.grammar.FSTGrammarTest" name="testForcedAlignerGrammar" time="0.015"/>
  <testcase classname="edu.cmu.sphinx.frontend.FrontendElementTest" name="testElement" time="0.3"/>
  <testcase classname="edu.cmu.sphinx.frontend.FrontendElementTest" name="testElement" time="0.323"/>
  <testcase classname="edu.cmu.sphinx.frontend.FrontendElementTest" name="testElement" time="0.203"/>
  <testcase classname="edu.cmu.sphinx.frontend.FrontendElementTest" name="testElement" time="0.141"/>
  <testcase classname="edu.cmu.sphinx.frontend.FrontendElementTest" name="testElement" time="0.172"/>
  <testcase classname="edu.cmu.sphinx.frontend.FrontendElementTest" name="testElement" time="0.125"/>
  <testcase classname="edu.cmu.sphinx.frontend.FrontendElementTest" name="testElement" time="0.203"/>
  <testcase classname="edu.cmu.sphinx.fst.ImportTest" name="testConvert" time="0.016"/>
  <testcase classname="edu.cmu.sphinx.linguist.language.ngram.large.LargeNgramTest" name="testNgram" time="0.093"/>
  <testcase classname="edu.cmu.sphinx.result.LatticeCompTest" name="testLatticeComp" time="14.243"/>
  <testcase classname="edu.cmu.sphinx.linguist.acoustic.tiedstate.test.MixtureComponentTest" name="testClone" time="0"/>
  <testcase classname="edu.cmu.sphinx.linguist.acoustic.tiedstate.test.MixtureComponentTest" name="testUnivariateDensity" time="0"/>
  <testcase classname="edu.cmu.sphinx.linguist.acoustic.tiedstate.test.MixtureComponentTest" name="testUnivariateMeanTransformation" time="0"/>
  <testcase classname="edu.cmu.sphinx.fst.NShortestPathsTest" name="testNShortestPaths" time="0.032"/>
  <testcase classname="edu.cmu.sphinx.frontend.NonSpeechDataFilterTest" name="testMultipleEmptyAndNonemptySegments on NonSpeechDataFilterTest" time="0"/>
  <testcase classname="edu.cmu.sphinx.frontend.NonSpeechDataFilterTest" name="testMultipleSpeechRegionWithoutMerging on NonSpeechDataFilterTest" time="0"/>
  <testcase classname="edu.cmu.sphinx.frontend.NonSpeechDataFilterTest" name="testOneSpeechRegion on NonSpeechDataFilterTest" time="0"/>
  <testcase classname="edu.cmu.sphinx.decoder.search.test.PartitionerTest" name="testPartitionOrders" time="0.14"/>
  <testcase classname="edu.cmu.sphinx.decoder.search.test.PartitionerTest" name="testPartitionSizes" time="0.031"/>
  <testcase classname="edu.cmu.sphinx.result.PosteriorTest" name="testPosterior" time="0"/>
  <testcase classname="edu.cmu.sphinx.fst.ProjectTest" name="testProject" time="0.016"/>
  <testcase classname="edu.cmu.sphinx.fst.ReverseTest" name="testReverse" time="0"/>
  <testcase classname="edu.cmu.sphinx.fst.RmEpsilonTest" name="testRmEpsilon" time="0.016"/>
  <testcase classname="edu.cmu.sphinx.alignment.SpeechAlignerTest" name="shouldAlignText" time="0.015"/>
  <testcase classname="edu.cmu.sphinx.frontend.SpeechMarkerTest" name="testEndWithoutSilence on SpeechMarkerTest" time="0"/>
  <testcase classname="edu.cmu.sphinx.util.props.TestConfigurable" name="testDynamicConfCreationWithoutDefaultProperty" time="0"/>
  <testcase classname="edu.cmu.sphinx.util.props.TestConfigurable" name="testNullStringProperty" time="0"/>
  <testcase classname="edu.cmu.sphinx.util.props.TestConfigurable" name="testPropSheetFromConfigurableInstance" time="0"/>
  <testcase classname="edu.cmu.sphinx.alignment.TextAlignerSmallTest" name="align" time="0"/>
  <testcase classname="edu.cmu.sphinx.alignment.TextAlignerSmallTest" name="align" time="0"/>
  <testcase classname="edu.cmu.sphinx.alignment.TextAlignerSmallTest" name="align" time="0"/>
  <testcase classname="edu.cmu.sphinx.alignment.TextAlignerSmallTest" name="align" time="0"/>
  <testcase classname="edu.cmu.sphinx.alignment.UsEnglishWordExpanderTest" name="textToWords" time="0.015"/>
  <testcase classname="edu.cmu.sphinx.alignment.UsEnglishWordExpanderTest" name="textToWords" time="0.016"/>
  <testcase classname="edu.cmu.sphinx.alignment.UsEnglishWordExpanderTest" name="textToWords" time="0"/>
  <testcase classname="edu.cmu.sphinx.alignment.UsEnglishWordExpanderTest" name="textToWords" time="0"/>
  <testcase classname="edu.cmu.sphinx.alignment.UsEnglishWordExpanderTest" name="textToWords" time="0"/>
  <testcase classname="edu.cmu.sphinx.alignment.UsEnglishWordExpanderTest" name="textToWords" time="0"/>
  <testcase classname="edu.cmu.sphinx.alignment.UsEnglishWordExpanderTest" name="textToWords" time="0"/>
  <testcase classname="edu.cmu.sphinx.alignment.UsEnglishWordExpanderTest" name="textToWords" time="0"/>
  <testcase classname="edu.cmu.sphinx.alignment.UsEnglishWordExpanderTest" name="textToWords" time="0"/>
  <testcase classname="edu.cmu.sphinx.alignment.UsEnglishWordExpanderTest" name="textToWords" time="0"/>
  <testcase classname="edu.cmu.sphinx.alignment.UsEnglishWordExpanderTest" name="textToWords" time="0"/>
  <testcase classname="edu.cmu.sphinx.alignment.UsEnglishWordExpanderTest" name="textToWords" time="0"/>
  <testcase classname="edu.cmu.sphinx.alignment.UsEnglishWordExpanderTest" name="textToWords" time="0"/>
  <testcase classname="edu.cmu.sphinx.alignment.UsEnglishWordExpanderTest" name="textToWords" time="0"/>
  <testcase classname="edu.cmu.sphinx.alignment.UsEnglishWordExpanderTest" name="textToWords" time="0"/>
  <testcase classname="edu.cmu.sphinx.alignment.UsEnglishWordExpanderTest" name="textToWords" time="0"/>
  <testcase classname="edu.cmu.sphinx.alignment.UsEnglishWordExpanderTest" name="textToWords" time="0"/>
  <testcase classname="edu.cmu.sphinx.alignment.UsEnglishWordExpanderTest" name="textToWords" time="0"/>
  <testcase classname="edu.cmu.sphinx.alignment.UsEnglishWordExpanderTest" name="textToWords" time="0"/>
  <testcase classname="edu.cmu.sphinx.alignment.UsEnglishWordExpanderTest" name="textToWords" time="0"/>
  <testcase classname="edu.cmu.sphinx.alignment.UsEnglishWordExpanderTest" name="textToWords" time="0"/>
  <testcase classname="edu.cmu.sphinx.alignment.UsEnglishWordExpanderTest" name="textToWords" time="0"/>
  <testcase classname="edu.cmu.sphinx.alignment.UsEnglishWordExpanderTest" name="textToWords" time="0"/>
  <testcase classname="edu.cmu.sphinx.alignment.UsEnglishWordExpanderTest" name="textToWords" time="0"/>
  <testcase classname="edu.cmu.sphinx.alignment.UsEnglishWordExpanderTest" name="textToWords" time="0"/>
  <testcase classname="edu.cmu.sphinx.alignment.UsEnglishWordExpanderTest" name="textToWords" time="0"/>
  <testcase classname="edu.cmu.sphinx.alignment.UsEnglishWordExpanderTest" name="textToWords" time="0"/>
  <testcase classname="edu.cmu.sphinx.alignment.UsEnglishWordExpanderTest" name="textToWords" time="0"/>
  <testcase classname="edu.cmu.sphinx.alignment.UsEnglishWordExpanderTest" name="textToWords" time="0"/>
  <testcase classname="edu.cmu.sphinx.alignment.UsEnglishWordExpanderTest" name="textToWords" time="0"/>
  <testcase classname="edu.cmu.sphinx.alignment.UsEnglishWordExpanderTest" name="textToWords" time="0"/>
  <testcase classname="edu.cmu.sphinx.alignment.UsEnglishWordExpanderTest" name="textToWords" time="0"/>
  <testcase classname="edu.cmu.sphinx.linguist.WordSequenceTest" name="comparison" time="0"/>
  <testcase classname="edu.cmu.sphinx.linguist.WordSequenceTest" name="equals" time="0"/>
  <testcase classname="edu.cmu.sphinx.linguist.WordSequenceTest" name="getNewest" time="0"/>
  <testcase classname="edu.cmu.sphinx.linguist.WordSequenceTest" name="getOldest" time="0"/>
  <testcase classname="edu.cmu.sphinx.linguist.WordSequenceTest" name="unknownWords" time="0"/>
</testsuite>