<?xml version="1.0" encoding="UTF-8"?>
<!-- Generated by org.testng.reporters.JUnitReportReporter -->
<testsuite hostname="Asteroid" name="edu.cmu.sphinx.result.LatticeCompTest" tests="1" failures="0" timestamp="1 Jan 2015 12:55:27 GMT" time="14.243" errors="0">
  <testcase name="testLatticeComp" time="14.243" classname="edu.cmu.sphinx.result.LatticeCompTest"/>
</testsuite> <!-- edu.cmu.sphinx.result.LatticeCompTest -->
