<?xml version="1.0" encoding="UTF-8"?>
<!-- Generated by org.testng.reporters.JUnitReportReporter -->
<testsuite hostname="Asteroid" name="edu.cmu.sphinx.fst.ArcSortTest" tests="1" failures="0" timestamp="1 Jan 2015 08:33:19 GMT" time="0.031" errors="0">
  <testcase name="testArcSort" time="0.031" classname="edu.cmu.sphinx.fst.ArcSortTest"/>
</testsuite> <!-- edu.cmu.sphinx.fst.ArcSortTest -->
