<?xml version="1.0" encoding="UTF-8"?>
<!-- Generated by org.testng.reporters.JUnitReportReporter -->
<testsuite hostname="Asteroid" name="edu.cmu.sphinx.linguist.dictionary.DictionaryTest" tests="1" failures="0" timestamp="1 Jan 2015 08:33:19 GMT" time="0.047" errors="0">
  <testcase name="testDictionary" time="0.047" classname="edu.cmu.sphinx.linguist.dictionary.DictionaryTest"/>
</testsuite> <!-- edu.cmu.sphinx.linguist.dictionary.DictionaryTest -->
