<?xml version="1.0" encoding="UTF-8"?>
<!-- Generated by org.testng.reporters.JUnitReportReporter -->
<testsuite hostname="Asteroid" name="edu.cmu.sphinx.tools.bandwidth.BandDetectorTest" tests="1" failures="0" timestamp="1 Jan 2015 08:33:19 GMT" time="0.203" errors="0">
  <testcase name="test" time="0.203" classname="edu.cmu.sphinx.tools.bandwidth.BandDetectorTest"/>
</testsuite> <!-- edu.cmu.sphinx.tools.bandwidth.BandDetectorTest -->
