<?xml version="1.0" encoding="UTF-8"?>
<!-- Generated by org.testng.reporters.JUnitReportReporter -->
<testsuite hostname="Asteroid" name="edu.cmu.sphinx.fst.ReverseTest" tests="1" failures="0" timestamp="1 Jan 2015 12:55:28 GMT" time="0.000" errors="0">
  <testcase name="testReverse" time="0.000" classname="edu.cmu.sphinx.fst.ReverseTest"/>
</testsuite> <!-- edu.cmu.sphinx.fst.ReverseTest -->
