<?xml version="1.0" encoding="UTF-8"?>
<!-- Generated by org.testng.reporters.JUnitReportReporter -->
<testsuite hostname="Asteroid" name="edu.cmu.sphinx.linguist.acoustic.tiedstate.test.MixtureComponentTest" tests="3" failures="0" timestamp="1 Jan 2015 08:33:19 GMT" time="0.016" errors="0">
  <testcase name="testUnivariateDensity" time="0.016" classname="edu.cmu.sphinx.linguist.acoustic.tiedstate.test.MixtureComponentTest"/>
  <testcase name="testUnivariateMeanTransformation" time="0.000" classname="edu.cmu.sphinx.linguist.acoustic.tiedstate.test.MixtureComponentTest"/>
  <testcase name="testClone" time="0.000" classname="edu.cmu.sphinx.linguist.acoustic.tiedstate.test.MixtureComponentTest"/>
</testsuite> <!-- edu.cmu.sphinx.linguist.acoustic.tiedstate.test.MixtureComponentTest -->
