<?xml version="1.0" encoding="UTF-8"?>
<!-- Generated by org.testng.reporters.JUnitReportReporter -->
<testsuite hostname="Asteroid" name="edu.cmu.sphinx.linguist.WordSequenceTest" tests="5" failures="0" timestamp="1 Jan 2015 12:55:28 GMT" time="0.000" errors="0">
  <testcase name="getNewest" time="0.000" classname="edu.cmu.sphinx.linguist.WordSequenceTest"/>
  <testcase name="comparison" time="0.000" classname="edu.cmu.sphinx.linguist.WordSequenceTest"/>
  <testcase name="equals" time="0.000" classname="edu.cmu.sphinx.linguist.WordSequenceTest"/>
  <testcase name="unknownWords" time="0.000" classname="edu.cmu.sphinx.linguist.WordSequenceTest"/>
  <testcase name="getOldest" time="0.000" classname="edu.cmu.sphinx.linguist.WordSequenceTest"/>
</testsuite> <!-- edu.cmu.sphinx.linguist.WordSequenceTest -->
