<?xml version="1.0" encoding="UTF-8"?>
<!-- Generated by org.testng.reporters.JUnitReportReporter -->
<testsuite hostname="Asteroid" name="edu.cmu.sphinx.frontend.FrontendElementTest" tests="7" failures="0" timestamp="1 Jan 2015 12:55:28 GMT" time="1.452" errors="0">
  <testcase name="testElement" time="0.285" classname="edu.cmu.sphinx.frontend.FrontendElementTest"/>
  <testcase name="testElement" time="0.203" classname="edu.cmu.sphinx.frontend.FrontendElementTest"/>
  <testcase name="testElement" time="0.203" classname="edu.cmu.sphinx.frontend.FrontendElementTest"/>
  <testcase name="testElement" time="0.323" classname="edu.cmu.sphinx.frontend.FrontendElementTest"/>
  <testcase name="testElement" time="0.125" classname="edu.cmu.sphinx.frontend.FrontendElementTest"/>
  <testcase name="testElement" time="0.172" classname="edu.cmu.sphinx.frontend.FrontendElementTest"/>
  <testcase name="testElement" time="0.141" classname="edu.cmu.sphinx.frontend.FrontendElementTest"/>
</testsuite> <!-- edu.cmu.sphinx.frontend.FrontendElementTest -->
