<?xml version="1.0" encoding="UTF-8"?>
<!-- Generated by org.testng.reporters.JUnitReportReporter -->
<testsuite hostname="Asteroid" name="edu.cmu.sphinx.fst.NShortestPathsTest" tests="1" failures="0" timestamp="1 Jan 2015 12:55:28 GMT" time="0.032" errors="0">
  <testcase name="testNShortestPaths" time="0.032" classname="edu.cmu.sphinx.fst.NShortestPathsTest"/>
</testsuite> <!-- edu.cmu.sphinx.fst.NShortestPathsTest -->
