<?xml version="1.0" encoding="UTF-8"?>
<!-- Generated by org.testng.reporters.JUnitReportReporter -->
<testsuite hostname="Asteroid" name="edu.cmu.sphinx.frontend.AudioDataSourcesTest" tests="3" failures="0" timestamp="1 Jan 2015 12:55:28 GMT" time="0.266" errors="0">
  <testcase name="testSimpleFileSources" time="0.062" classname="edu.cmu.sphinx.frontend.AudioDataSourcesTest"/>
  <testcase name="testConcatDataSource" time="0.047" classname="edu.cmu.sphinx.frontend.AudioDataSourcesTest"/>
  <testcase name="test8KhzSource" time="0.157" classname="edu.cmu.sphinx.frontend.AudioDataSourcesTest"/>
</testsuite> <!-- edu.cmu.sphinx.frontend.AudioDataSourcesTest -->
