<?xml version="1.0" encoding="UTF-8"?>
<!-- Generated by org.testng.reporters.JUnitReportReporter -->
<testsuite hostname="Asteroid" name="edu.cmu.sphinx.linguist.language.grammar.BatchForcedAlignerGrammarTest" tests="1" failures="0" timestamp="1 Jan 2015 08:33:19 GMT" time="0.063" errors="0">
  <testcase name="testForcedAlignerGrammar" time="0.063" classname="edu.cmu.sphinx.linguist.language.grammar.BatchForcedAlignerGrammarTest"/>
</testsuite> <!-- edu.cmu.sphinx.linguist.language.grammar.BatchForcedAlignerGrammarTest -->
