<?xml version="1.0" encoding="UTF-8"?>
<!-- Generated by org.testng.reporters.JUnitReportReporter -->
<testsuite hostname="Asteroid" name="edu.cmu.sphinx.linguist.language.ngram.DynamicTrigramModelTest" tests="3" failures="0" timestamp="1 Jan 2015 08:33:19 GMT" time="0.046" errors="0">
  <testcase name="bigramModel" time="0.046" classname="edu.cmu.sphinx.linguist.language.ngram.DynamicTrigramModelTest"/>
  <testcase name="trigramModel" time="0.000" classname="edu.cmu.sphinx.linguist.language.ngram.DynamicTrigramModelTest"/>
  <testcase name="unigramModel" time="0.000" classname="edu.cmu.sphinx.linguist.language.ngram.DynamicTrigramModelTest"/>
</testsuite> <!-- edu.cmu.sphinx.linguist.language.ngram.DynamicTrigramModelTest -->
