<?xml version="1.0" encoding="UTF-8"?>
<!-- Generated by org.testng.reporters.JUnitReportReporter -->
<testsuite hostname="Asteroid" name="edu.cmu.sphinx.frontend.AudioDataSourcesTest" tests="3" failures="0" timestamp="1 Jan 2015 08:33:19 GMT" time="0.156" errors="0">
  <testcase name="testConcatDataSource" time="0.031" classname="edu.cmu.sphinx.frontend.AudioDataSourcesTest"/>
  <testcase name="test8KhzSource" time="0.094" classname="edu.cmu.sphinx.frontend.AudioDataSourcesTest"/>
  <testcase name="testSimpleFileSources" time="0.031" classname="edu.cmu.sphinx.frontend.AudioDataSourcesTest"/>
</testsuite> <!-- edu.cmu.sphinx.frontend.AudioDataSourcesTest -->
