<?xml version="1.0" encoding="UTF-8"?>
<!-- Generated by org.testng.reporters.JUnitReportReporter -->
<testsuite hostname="Asteroid" name="edu.cmu.sphinx.alignment.SpeechAlignerTest" tests="1" failures="0" timestamp="1 Jan 2015 08:33:19 GMT" time="0.016" errors="0">
  <testcase name="shouldAlignText" time="0.016" classname="edu.cmu.sphinx.alignment.SpeechAlignerTest"/>
</testsuite> <!-- edu.cmu.sphinx.alignment.SpeechAlignerTest -->
