<?xml version="1.0" encoding="UTF-8"?>
<!-- Generated by org.testng.reporters.JUnitReportReporter -->
<testsuite hostname="Asteroid" name="edu.cmu.sphinx.util.props.ComponentPropertyTest" tests="1" failures="0" timestamp="1 Jan 2015 12:55:28 GMT" time="0.016" errors="0">
  <testcase name="testDefInstance" time="0.016" classname="edu.cmu.sphinx.util.props.ComponentPropertyTest"/>
</testsuite> <!-- edu.cmu.sphinx.util.props.ComponentPropertyTest -->
