<?xml version="1.0" encoding="UTF-8"?>
<!-- Generated by org.testng.reporters.JUnitReportReporter -->
<testsuite hostname="Asteroid" name="edu.cmu.sphinx.frontend.DataBlockerTest" tests="3" failures="0" timestamp="1 Jan 2015 08:33:19 GMT" time="0.015" errors="0">
  <testcase name="testUsualInput" time="0.000" classname="edu.cmu.sphinx.frontend.DataBlockerTest"/>
  <testcase name="testLongInput" time="0.000" classname="edu.cmu.sphinx.frontend.DataBlockerTest"/>
  <testcase name="skipLastSamples" time="0.015" classname="edu.cmu.sphinx.frontend.DataBlockerTest"/>
</testsuite> <!-- edu.cmu.sphinx.frontend.DataBlockerTest -->
